********************************************************************************
DUPLICATOR-LITE PACKAGE-LOG: 2017-07-06 23:43:36
NOTICE: Do NOT post to public sites or forums 
********************************************************************************
VERSION:	1.1.34
WORDPRESS:	4.7.4
PHP INFO:	5.3.5 | SAPI: apache2handler
SERVER:		Apache/2.2.17 (Win32) mod_ssl/2.2.17 OpenSSL/0.9.8o PHP/5.3.4 mod_perl/2.0.4 Perl/v5.10.1 
PHP TIME LIMIT: (0) no time limit imposed 
PHP MAX MEMORY: 2048M (1024M default) 
MEMORY STACK: 82.5MB 

********************************************************************************
DATABASE:
********************************************************************************
BUILD MODE:   PHP(query limit - 100)
MYSQLTIMEOUT: 5000
MYSQLDUMP:    Is Supported 
TABLES: total:41 | filtered:0 | create:41 
FILTERED: [] 
SQL CREATED: 20170706_enggsolltd_595ecaf19c66b3230170706234241_database.sql 
SQL FILE SIZE: 3.52MB (3686265) 
SQL FILE TIME: 2017-07-06 23:43:37 
SQL RUNTIME: 1.07 sec. 

******************************************************************************** 
ARCHIVE (ZIP): 
******************************************************************************** 
ARCHIVE DIR:  C:/xampp/htdocs/enggsol 
ARCHIVE FILE: 20170706_enggsolltd_595ecaf19c66b3230170706234241_archive.zip 
FILTERS: *OFF* 
DIRS: not set 
EXTS:  not set 
---------------------------------------- 
COMPRESSING 
SIZE:	115.3MB 
STATS:	Dirs 1,104 | Files 9,579 
SQL ADDED: 20170706_enggsolltd_595ecaf19c66b3230170706234241_database.sql 
ZipArchive Object
(
    [status] => 0
    [statusSys] => 0
    [numFiles] => 10683
    [filename] => C:\xampp\htdocs\enggsol\wp-snapshots\tmp\20170706_enggsolltd_595ecaf19c66b3230170706234241_archive.zip
    [comment] => 
)
 
COMPRESSION RESULT: '1' 
COMPRESSED SIZE: 52.28MB 
ARCHIVE RUNTIME: 127.21 sec. 
MEMORY STACK: 85.5MB 

******************************************************************************** 
MAKE INSTALLER: 
******************************************************************************** 
Build Start 
Build Finished 
Preping for use 
Template parsed with new data 
Complete [C:/xampp/htdocs/enggsol/wp-snapshots/tmp/20170706_enggsolltd_595ecaf19c66b3230170706234241_installer.php] 
Added to archive 

******************************************************************************** 
INTEGRITY CHECKS: 
******************************************************************************** 
SQL File: 3.52MB 
Installer File: 394.69KB 
Archive File: 52.28MB  

********************************************************************************
RECORD ID:[1]
TOTAL PROCESS RUNTIME: 129.08 sec.
PEAK PHP MEMORY USED: 87.75MB
DONE PROCESSING => 20170706_enggsolltd 2017-07-06 23:45:45
 
